Determining if the pthread_create exist failed with the following output:
Change Dir: /home/nvidia/drive-t186ref-linux/samples/nvmedia/3D Surround View/build/CMakeFiles/CMakeTmp

Run Build Command:"/usr/bin/make" "cmTC_92f6c/fast"
/usr/bin/make -f CMakeFiles/cmTC_92f6c.dir/build.make CMakeFiles/cmTC_92f6c.dir/build
make[1]: Entering directory '/home/nvidia/drive-t186ref-linux/samples/nvmedia/3D Surround View/build/CMakeFiles/CMakeTmp'
Building C object CMakeFiles/cmTC_92f6c.dir/CheckSymbolExists.c.o
/usr/bin/cc    -fPIC    -o CMakeFiles/cmTC_92f6c.dir/CheckSymbolExists.c.o   -c "/home/nvidia/drive-t186ref-linux/samples/nvmedia/3D Surround View/build/CMakeFiles/CMakeTmp/CheckSymbolExists.c"
Linking C executable cmTC_92f6c
/usr/bin/cmake -E cmake_link_script CMakeFiles/cmTC_92f6c.dir/link.txt --verbose=1
/usr/bin/cc  -fPIC     CMakeFiles/cmTC_92f6c.dir/CheckSymbolExists.c.o  -o cmTC_92f6c -rdynamic 
CMakeFiles/cmTC_92f6c.dir/CheckSymbolExists.c.o: In function `main':
CheckSymbolExists.c:(.text+0x14): undefined reference to `pthread_create'
CheckSymbolExists.c:(.text+0x18): undefined reference to `pthread_create'
collect2: error: ld returned 1 exit status
CMakeFiles/cmTC_92f6c.dir/build.make:97: recipe for target 'cmTC_92f6c' failed
make[1]: *** [cmTC_92f6c] Error 1
make[1]: Leaving directory '/home/nvidia/drive-t186ref-linux/samples/nvmedia/3D Surround View/build/CMakeFiles/CMakeTmp'
Makefile:126: recipe for target 'cmTC_92f6c/fast' failed
make: *** [cmTC_92f6c/fast] Error 2

File /home/nvidia/drive-t186ref-linux/samples/nvmedia/3D Surround View/build/CMakeFiles/CMakeTmp/CheckSymbolExists.c:
/* */
#include <pthread.h>

int main(int argc, char** argv)
{
  (void)argv;
#ifndef pthread_create
  return ((int*)(&pthread_create))[argc];
#else
  (void)argc;
  return 0;
#endif
}

Determining if the function pthread_create exists in the pthreads failed with the following output:
Change Dir: /home/nvidia/drive-t186ref-linux/samples/nvmedia/3D Surround View/build/CMakeFiles/CMakeTmp

Run Build Command:"/usr/bin/make" "cmTC_c928c/fast"
/usr/bin/make -f CMakeFiles/cmTC_c928c.dir/build.make CMakeFiles/cmTC_c928c.dir/build
make[1]: Entering directory '/home/nvidia/drive-t186ref-linux/samples/nvmedia/3D Surround View/build/CMakeFiles/CMakeTmp'
Building C object CMakeFiles/cmTC_c928c.dir/CheckFunctionExists.c.o
/usr/bin/cc    -fPIC -DCHECK_FUNCTION_EXISTS=pthread_create   -o CMakeFiles/cmTC_c928c.dir/CheckFunctionExists.c.o   -c /usr/share/cmake-3.5/Modules/CheckFunctionExists.c
Linking C executable cmTC_c928c
/usr/bin/cmake -E cmake_link_script CMakeFiles/cmTC_c928c.dir/link.txt --verbose=1
/usr/bin/cc  -fPIC -DCHECK_FUNCTION_EXISTS=pthread_create    CMakeFiles/cmTC_c928c.dir/CheckFunctionExists.c.o  -o cmTC_c928c -rdynamic -lpthreads 
/usr/bin/ld: cannot find -lpthreads
collect2: error: ld returned 1 exit status
CMakeFiles/cmTC_c928c.dir/build.make:97: recipe for target 'cmTC_c928c' failed
make[1]: *** [cmTC_c928c] Error 1
make[1]: Leaving directory '/home/nvidia/drive-t186ref-linux/samples/nvmedia/3D Surround View/build/CMakeFiles/CMakeTmp'
Makefile:126: recipe for target 'cmTC_c928c/fast' failed
make: *** [cmTC_c928c/fast] Error 2


