Determining if the pthread_create exist failed with the following output:
Change Dir: /home/nvidia/drive-t186ref-linux/samples/nvmedia/3D Surround View/glfw-3.1.2/build/CMakeFiles/CMakeTmp

Run Build Command:"/usr/bin/make" "cmTC_88496/fast"
/usr/bin/make -f CMakeFiles/cmTC_88496.dir/build.make CMakeFiles/cmTC_88496.dir/build
make[1]: Entering directory '/home/nvidia/drive-t186ref-linux/samples/nvmedia/3D Surround View/glfw-3.1.2/build/CMakeFiles/CMakeTmp'
Building C object CMakeFiles/cmTC_88496.dir/CheckSymbolExists.c.o
/usr/bin/cc     -o CMakeFiles/cmTC_88496.dir/CheckSymbolExists.c.o   -c "/home/nvidia/drive-t186ref-linux/samples/nvmedia/3D Surround View/glfw-3.1.2/build/CMakeFiles/CMakeTmp/CheckSymbolExists.c"
Linking C executable cmTC_88496
/usr/bin/cmake -E cmake_link_script CMakeFiles/cmTC_88496.dir/link.txt --verbose=1
/usr/bin/cc       CMakeFiles/cmTC_88496.dir/CheckSymbolExists.c.o  -o cmTC_88496 -rdynamic 
CMakeFiles/cmTC_88496.dir/CheckSymbolExists.c.o: In function `main':
CheckSymbolExists.c:(.text+0x14): undefined reference to `pthread_create'
CheckSymbolExists.c:(.text+0x18): undefined reference to `pthread_create'
collect2: error: ld returned 1 exit status
CMakeFiles/cmTC_88496.dir/build.make:97: recipe for target 'cmTC_88496' failed
make[1]: *** [cmTC_88496] Error 1
make[1]: Leaving directory '/home/nvidia/drive-t186ref-linux/samples/nvmedia/3D Surround View/glfw-3.1.2/build/CMakeFiles/CMakeTmp'
Makefile:126: recipe for target 'cmTC_88496/fast' failed
make: *** [cmTC_88496/fast] Error 2

File /home/nvidia/drive-t186ref-linux/samples/nvmedia/3D Surround View/glfw-3.1.2/build/CMakeFiles/CMakeTmp/CheckSymbolExists.c:
/* */
#include <pthread.h>

int main(int argc, char** argv)
{
  (void)argv;
#ifndef pthread_create
  return ((int*)(&pthread_create))[argc];
#else
  (void)argc;
  return 0;
#endif
}

Determining if the function pthread_create exists in the pthreads failed with the following output:
Change Dir: /home/nvidia/drive-t186ref-linux/samples/nvmedia/3D Surround View/glfw-3.1.2/build/CMakeFiles/CMakeTmp

Run Build Command:"/usr/bin/make" "cmTC_e6cdb/fast"
/usr/bin/make -f CMakeFiles/cmTC_e6cdb.dir/build.make CMakeFiles/cmTC_e6cdb.dir/build
make[1]: Entering directory '/home/nvidia/drive-t186ref-linux/samples/nvmedia/3D Surround View/glfw-3.1.2/build/CMakeFiles/CMakeTmp'
Building C object CMakeFiles/cmTC_e6cdb.dir/CheckFunctionExists.c.o
/usr/bin/cc    -DCHECK_FUNCTION_EXISTS=pthread_create   -o CMakeFiles/cmTC_e6cdb.dir/CheckFunctionExists.c.o   -c /usr/share/cmake-3.5/Modules/CheckFunctionExists.c
Linking C executable cmTC_e6cdb
/usr/bin/cmake -E cmake_link_script CMakeFiles/cmTC_e6cdb.dir/link.txt --verbose=1
/usr/bin/cc   -DCHECK_FUNCTION_EXISTS=pthread_create    CMakeFiles/cmTC_e6cdb.dir/CheckFunctionExists.c.o  -o cmTC_e6cdb -rdynamic -lpthreads 
/usr/bin/ld: cannot find -lpthreads
collect2: error: ld returned 1 exit status
CMakeFiles/cmTC_e6cdb.dir/build.make:97: recipe for target 'cmTC_e6cdb' failed
make[1]: *** [cmTC_e6cdb] Error 1
make[1]: Leaving directory '/home/nvidia/drive-t186ref-linux/samples/nvmedia/3D Surround View/glfw-3.1.2/build/CMakeFiles/CMakeTmp'
Makefile:126: recipe for target 'cmTC_e6cdb/fast' failed
make: *** [cmTC_e6cdb/fast] Error 2


