The system is: Linux - 4.9.38-rt25-tegra - aarch64
Compiling the C compiler identification source file "CMakeCCompilerId.c" succeeded.
Compiler: /usr/bin/cc 
Build flags: 
Id flags: 

The output was:
0


Compilation of the C compiler identification source "CMakeCCompilerId.c" produced "a.out"

The C compiler identification is GNU, found in "/home/nvidia/drive-t186ref-linux/samples/nvmedia/3D Surround View/glfw-3.1.2/build/CMakeFiles/3.5.1/CompilerIdC/a.out"

Determining if the C compiler works passed with the following output:
Change Dir: /home/nvidia/drive-t186ref-linux/samples/nvmedia/3D Surround View/glfw-3.1.2/build/CMakeFiles/CMakeTmp

Run Build Command:"/usr/bin/make" "cmTC_741d4/fast"
/usr/bin/make -f CMakeFiles/cmTC_741d4.dir/build.make CMakeFiles/cmTC_741d4.dir/build
make[1]: Entering directory '/home/nvidia/drive-t186ref-linux/samples/nvmedia/3D Surround View/glfw-3.1.2/build/CMakeFiles/CMakeTmp'
Building C object CMakeFiles/cmTC_741d4.dir/testCCompiler.c.o
/usr/bin/cc     -o CMakeFiles/cmTC_741d4.dir/testCCompiler.c.o   -c "/home/nvidia/drive-t186ref-linux/samples/nvmedia/3D Surround View/glfw-3.1.2/build/CMakeFiles/CMakeTmp/testCCompiler.c"
Linking C executable cmTC_741d4
/usr/bin/cmake -E cmake_link_script CMakeFiles/cmTC_741d4.dir/link.txt --verbose=1
/usr/bin/cc       CMakeFiles/cmTC_741d4.dir/testCCompiler.c.o  -o cmTC_741d4 -rdynamic 
make[1]: Leaving directory '/home/nvidia/drive-t186ref-linux/samples/nvmedia/3D Surround View/glfw-3.1.2/build/CMakeFiles/CMakeTmp'


Detecting C compiler ABI info compiled with the following output:
Change Dir: /home/nvidia/drive-t186ref-linux/samples/nvmedia/3D Surround View/glfw-3.1.2/build/CMakeFiles/CMakeTmp

Run Build Command:"/usr/bin/make" "cmTC_82e6d/fast"
/usr/bin/make -f CMakeFiles/cmTC_82e6d.dir/build.make CMakeFiles/cmTC_82e6d.dir/build
make[1]: Entering directory '/home/nvidia/drive-t186ref-linux/samples/nvmedia/3D Surround View/glfw-3.1.2/build/CMakeFiles/CMakeTmp'
Building C object CMakeFiles/cmTC_82e6d.dir/CMakeCCompilerABI.c.o
/usr/bin/cc     -o CMakeFiles/cmTC_82e6d.dir/CMakeCCompilerABI.c.o   -c /usr/share/cmake-3.5/Modules/CMakeCCompilerABI.c
Linking C executable cmTC_82e6d
/usr/bin/cmake -E cmake_link_script CMakeFiles/cmTC_82e6d.dir/link.txt --verbose=1
/usr/bin/cc      -v CMakeFiles/cmTC_82e6d.dir/CMakeCCompilerABI.c.o  -o cmTC_82e6d -rdynamic  
Using built-in specs.
COLLECT_GCC=/usr/bin/cc
COLLECT_LTO_WRAPPER=/usr/lib/gcc/aarch64-linux-gnu/5/lto-wrapper
Target: aarch64-linux-gnu
Configured with: ../src/configure -v --with-pkgversion='Ubuntu/Linaro 5.4.0-6ubuntu1~16.04.9' --with-bugurl=file:///usr/share/doc/gcc-5/README.Bugs --enable-languages=c,ada,c++,java,go,d,fortran,objc,obj-c++ --prefix=/usr --program-suffix=-5 --enable-shared --enable-linker-build-id --libexecdir=/usr/lib --without-included-gettext --enable-threads=posix --libdir=/usr/lib --enable-nls --with-sysroot=/ --enable-clocale=gnu --enable-libstdcxx-debug --enable-libstdcxx-time=yes --with-default-libstdcxx-abi=new --enable-gnu-unique-object --disable-libquadmath --enable-plugin --with-system-zlib --disable-browser-plugin --enable-java-awt=gtk --enable-gtk-cairo --with-java-home=/usr/lib/jvm/java-1.5.0-gcj-5-arm64/jre --enable-java-home --with-jvm-root-dir=/usr/lib/jvm/java-1.5.0-gcj-5-arm64 --with-jvm-jar-dir=/usr/lib/jvm-exports/java-1.5.0-gcj-5-arm64 --with-arch-directory=aarch64 --with-ecj-jar=/usr/share/java/eclipse-ecj.jar --enable-multiarch --enable-fix-cortex-a53-843419 --disable-werror --enable-checking=release --build=aarch64-linux-gnu --host=aarch64-linux-gnu --target=aarch64-linux-gnu
Thread model: posix
gcc version 5.4.0 20160609 (Ubuntu/Linaro 5.4.0-6ubuntu1~16.04.9) 
COMPILER_PATH=/usr/lib/gcc/aarch64-linux-gnu/5/:/usr/lib/gcc/aarch64-linux-gnu/5/:/usr/lib/gcc/aarch64-linux-gnu/:/usr/lib/gcc/aarch64-linux-gnu/5/:/usr/lib/gcc/aarch64-linux-gnu/
LIBRARY_PATH=/usr/lib/gcc/aarch64-linux-gnu/5/:/usr/lib/gcc/aarch64-linux-gnu/5/../../../aarch64-linux-gnu/:/usr/lib/gcc/aarch64-linux-gnu/5/../../../../lib/:/lib/aarch64-linux-gnu/:/lib/../lib/:/usr/lib/aarch64-linux-gnu/:/usr/lib/../lib/:/usr/lib/gcc/aarch64-linux-gnu/5/../../../:/lib/:/usr/lib/
COLLECT_GCC_OPTIONS='-v' '-o' 'cmTC_82e6d' '-rdynamic' '-mlittle-endian' '-mabi=lp64'
 /usr/lib/gcc/aarch64-linux-gnu/5/collect2 -plugin /usr/lib/gcc/aarch64-linux-gnu/5/liblto_plugin.so -plugin-opt=/usr/lib/gcc/aarch64-linux-gnu/5/lto-wrapper -plugin-opt=-fresolution=/tmp/ccaTbuAO.res -plugin-opt=-pass-through=-lgcc -plugin-opt=-pass-through=-lgcc_s -plugin-opt=-pass-through=-lc -plugin-opt=-pass-through=-lgcc -plugin-opt=-pass-through=-lgcc_s --sysroot=/ --build-id --eh-frame-hdr --hash-style=gnu --as-needed -export-dynamic -dynamic-linker /lib/ld-linux-aarch64.so.1 -X -EL -maarch64linux --fix-cortex-a53-843419 -z relro -o cmTC_82e6d /usr/lib/gcc/aarch64-linux-gnu/5/../../../aarch64-linux-gnu/crt1.o /usr/lib/gcc/aarch64-linux-gnu/5/../../../aarch64-linux-gnu/crti.o /usr/lib/gcc/aarch64-linux-gnu/5/crtbegin.o -L/usr/lib/gcc/aarch64-linux-gnu/5 -L/usr/lib/gcc/aarch64-linux-gnu/5/../../../aarch64-linux-gnu -L/usr/lib/gcc/aarch64-linux-gnu/5/../../../../lib -L/lib/aarch64-linux-gnu -L/lib/../lib -L/usr/lib/aarch64-linux-gnu -L/usr/lib/../lib -L/usr/lib/gcc/aarch64-linux-gnu/5/../../.. CMakeFiles/cmTC_82e6d.dir/CMakeCCompilerABI.c.o -lgcc --as-needed -lgcc_s --no-as-needed -lc -lgcc --as-needed -lgcc_s --no-as-needed /usr/lib/gcc/aarch64-linux-gnu/5/crtend.o /usr/lib/gcc/aarch64-linux-gnu/5/../../../aarch64-linux-gnu/crtn.o
make[1]: Leaving directory '/home/nvidia/drive-t186ref-linux/samples/nvmedia/3D Surround View/glfw-3.1.2/build/CMakeFiles/CMakeTmp'


Parsed C implicit link information from above output:
  link line regex: [^( *|.*[/\])(ld|([^/\]+-)?ld|collect2)[^/\]*( |$)]
  ignore line: [Change Dir: /home/nvidia/drive-t186ref-linux/samples/nvmedia/3D Surround View/glfw-3.1.2/build/CMakeFiles/CMakeTmp]
  ignore line: []
  ignore line: [Run Build Command:"/usr/bin/make" "cmTC_82e6d/fast"]
  ignore line: [/usr/bin/make -f CMakeFiles/cmTC_82e6d.dir/build.make CMakeFiles/cmTC_82e6d.dir/build]
  ignore line: [make[1]: Entering directory '/home/nvidia/drive-t186ref-linux/samples/nvmedia/3D Surround View/glfw-3.1.2/build/CMakeFiles/CMakeTmp']
  ignore line: [Building C object CMakeFiles/cmTC_82e6d.dir/CMakeCCompilerABI.c.o]
  ignore line: [/usr/bin/cc     -o CMakeFiles/cmTC_82e6d.dir/CMakeCCompilerABI.c.o   -c /usr/share/cmake-3.5/Modules/CMakeCCompilerABI.c]
  ignore line: [Linking C executable cmTC_82e6d]
  ignore line: [/usr/bin/cmake -E cmake_link_script CMakeFiles/cmTC_82e6d.dir/link.txt --verbose=1]
  ignore line: [/usr/bin/cc      -v CMakeFiles/cmTC_82e6d.dir/CMakeCCompilerABI.c.o  -o cmTC_82e6d -rdynamic  ]
  ignore line: [Using built-in specs.]
  ignore line: [COLLECT_GCC=/usr/bin/cc]
  ignore line: [COLLECT_LTO_WRAPPER=/usr/lib/gcc/aarch64-linux-gnu/5/lto-wrapper]
  ignore line: [Target: aarch64-linux-gnu]
  ignore line: [Configured with: ../src/configure -v --with-pkgversion='Ubuntu/Linaro 5.4.0-6ubuntu1~16.04.9' --with-bugurl=file:///usr/share/doc/gcc-5/README.Bugs --enable-languages=c,ada,c++,java,go,d,fortran,objc,obj-c++ --prefix=/usr --program-suffix=-5 --enable-shared --enable-linker-build-id --libexecdir=/usr/lib --without-included-gettext --enable-threads=posix --libdir=/usr/lib --enable-nls --with-sysroot=/ --enable-clocale=gnu --enable-libstdcxx-debug --enable-libstdcxx-time=yes --with-default-libstdcxx-abi=new --enable-gnu-unique-object --disable-libquadmath --enable-plugin --with-system-zlib --disable-browser-plugin --enable-java-awt=gtk --enable-gtk-cairo --with-java-home=/usr/lib/jvm/java-1.5.0-gcj-5-arm64/jre --enable-java-home --with-jvm-root-dir=/usr/lib/jvm/java-1.5.0-gcj-5-arm64 --with-jvm-jar-dir=/usr/lib/jvm-exports/java-1.5.0-gcj-5-arm64 --with-arch-directory=aarch64 --with-ecj-jar=/usr/share/java/eclipse-ecj.jar --enable-multiarch --enable-fix-cortex-a53-843419 --disable-werror --enable-checking=release --build=aarch64-linux-gnu --host=aarch64-linux-gnu --target=aarch64-linux-gnu]
  ignore line: [Thread model: posix]
  ignore line: [gcc version 5.4.0 20160609 (Ubuntu/Linaro 5.4.0-6ubuntu1~16.04.9) ]
  ignore line: [COMPILER_PATH=/usr/lib/gcc/aarch64-linux-gnu/5/:/usr/lib/gcc/aarch64-linux-gnu/5/:/usr/lib/gcc/aarch64-linux-gnu/:/usr/lib/gcc/aarch64-linux-gnu/5/:/usr/lib/gcc/aarch64-linux-gnu/]
  ignore line: [LIBRARY_PATH=/usr/lib/gcc/aarch64-linux-gnu/5/:/usr/lib/gcc/aarch64-linux-gnu/5/../../../aarch64-linux-gnu/:/usr/lib/gcc/aarch64-linux-gnu/5/../../../../lib/:/lib/aarch64-linux-gnu/:/lib/../lib/:/usr/lib/aarch64-linux-gnu/:/usr/lib/../lib/:/usr/lib/gcc/aarch64-linux-gnu/5/../../../:/lib/:/usr/lib/]
  ignore line: [COLLECT_GCC_OPTIONS='-v' '-o' 'cmTC_82e6d' '-rdynamic' '-mlittle-endian' '-mabi=lp64']
  link line: [ /usr/lib/gcc/aarch64-linux-gnu/5/collect2 -plugin /usr/lib/gcc/aarch64-linux-gnu/5/liblto_plugin.so -plugin-opt=/usr/lib/gcc/aarch64-linux-gnu/5/lto-wrapper -plugin-opt=-fresolution=/tmp/ccaTbuAO.res -plugin-opt=-pass-through=-lgcc -plugin-opt=-pass-through=-lgcc_s -plugin-opt=-pass-through=-lc -plugin-opt=-pass-through=-lgcc -plugin-opt=-pass-through=-lgcc_s --sysroot=/ --build-id --eh-frame-hdr --hash-style=gnu --as-needed -export-dynamic -dynamic-linker /lib/ld-linux-aarch64.so.1 -X -EL -maarch64linux --fix-cortex-a53-843419 -z relro -o cmTC_82e6d /usr/lib/gcc/aarch64-linux-gnu/5/../../../aarch64-linux-gnu/crt1.o /usr/lib/gcc/aarch64-linux-gnu/5/../../../aarch64-linux-gnu/crti.o /usr/lib/gcc/aarch64-linux-gnu/5/crtbegin.o -L/usr/lib/gcc/aarch64-linux-gnu/5 -L/usr/lib/gcc/aarch64-linux-gnu/5/../../../aarch64-linux-gnu -L/usr/lib/gcc/aarch64-linux-gnu/5/../../../../lib -L/lib/aarch64-linux-gnu -L/lib/../lib -L/usr/lib/aarch64-linux-gnu -L/usr/lib/../lib -L/usr/lib/gcc/aarch64-linux-gnu/5/../../.. CMakeFiles/cmTC_82e6d.dir/CMakeCCompilerABI.c.o -lgcc --as-needed -lgcc_s --no-as-needed -lc -lgcc --as-needed -lgcc_s --no-as-needed /usr/lib/gcc/aarch64-linux-gnu/5/crtend.o /usr/lib/gcc/aarch64-linux-gnu/5/../../../aarch64-linux-gnu/crtn.o]
    arg [/usr/lib/gcc/aarch64-linux-gnu/5/collect2] ==> ignore
    arg [-plugin] ==> ignore
    arg [/usr/lib/gcc/aarch64-linux-gnu/5/liblto_plugin.so] ==> ignore
    arg [-plugin-opt=/usr/lib/gcc/aarch64-linux-gnu/5/lto-wrapper] ==> ignore
    arg [-plugin-opt=-fresolution=/tmp/ccaTbuAO.res] ==> ignore
    arg [-plugin-opt=-pass-through=-lgcc] ==> ignore
    arg [-plugin-opt=-pass-through=-lgcc_s] ==> ignore
    arg [-plugin-opt=-pass-through=-lc] ==> ignore
    arg [-plugin-opt=-pass-through=-lgcc] ==> ignore
    arg [-plugin-opt=-pass-through=-lgcc_s] ==> ignore
    arg [--sysroot=/] ==> ignore
    arg [--build-id] ==> ignore
    arg [--eh-frame-hdr] ==> ignore
    arg [--hash-style=gnu] ==> ignore
    arg [--as-needed] ==> ignore
    arg [-export-dynamic] ==> ignore
    arg [-dynamic-linker] ==> ignore
    arg [/lib/ld-linux-aarch64.so.1] ==> ignore
    arg [-X] ==> ignore
    arg [-EL] ==> ignore
    arg [-maarch64linux] ==> ignore
    arg [--fix-cortex-a53-843419] ==> ignore
    arg [-zrelro] ==> ignore
    arg [-o] ==> ignore
    arg [cmTC_82e6d] ==> ignore
    arg [/usr/lib/gcc/aarch64-linux-gnu/5/../../../aarch64-linux-gnu/crt1.o] ==> ignore
    arg [/usr/lib/gcc/aarch64-linux-gnu/5/../../../aarch64-linux-gnu/crti.o] ==> ignore
    arg [/usr/lib/gcc/aarch64-linux-gnu/5/crtbegin.o] ==> ignore
    arg [-L/usr/lib/gcc/aarch64-linux-gnu/5] ==> dir [/usr/lib/gcc/aarch64-linux-gnu/5]
    arg [-L/usr/lib/gcc/aarch64-linux-gnu/5/../../../aarch64-linux-gnu] ==> dir [/usr/lib/gcc/aarch64-linux-gnu/5/../../../aarch64-linux-gnu]
    arg [-L/usr/lib/gcc/aarch64-linux-gnu/5/../../../../lib] ==> dir [/usr/lib/gcc/aarch64-linux-gnu/5/../../../../lib]
    arg [-L/lib/aarch64-linux-gnu] ==> dir [/lib/aarch64-linux-gnu]
    arg [-L/lib/../lib] ==> dir [/lib/../lib]
    arg [-L/usr/lib/aarch64-linux-gnu] ==> dir [/usr/lib/aarch64-linux-gnu]
    arg [-L/usr/lib/../lib] ==> dir [/usr/lib/../lib]
    arg [-L/usr/lib/gcc/aarch64-linux-gnu/5/../../..] ==> dir [/usr/lib/gcc/aarch64-linux-gnu/5/../../..]
    arg [CMakeFiles/cmTC_82e6d.dir/CMakeCCompilerABI.c.o] ==> ignore
    arg [-lgcc] ==> lib [gcc]
    arg [--as-needed] ==> ignore
    arg [-lgcc_s] ==> lib [gcc_s]
    arg [--no-as-needed] ==> ignore
    arg [-lc] ==> lib [c]
    arg [-lgcc] ==> lib [gcc]
    arg [--as-needed] ==> ignore
    arg [-lgcc_s] ==> lib [gcc_s]
    arg [--no-as-needed] ==> ignore
    arg [/usr/lib/gcc/aarch64-linux-gnu/5/crtend.o] ==> ignore
    arg [/usr/lib/gcc/aarch64-linux-gnu/5/../../../aarch64-linux-gnu/crtn.o] ==> ignore
  remove lib [gcc]
  remove lib [gcc_s]
  remove lib [gcc]
  remove lib [gcc_s]
  collapse library dir [/usr/lib/gcc/aarch64-linux-gnu/5] ==> [/usr/lib/gcc/aarch64-linux-gnu/5]
  collapse library dir [/usr/lib/gcc/aarch64-linux-gnu/5/../../../aarch64-linux-gnu] ==> [/usr/lib/aarch64-linux-gnu]
  collapse library dir [/usr/lib/gcc/aarch64-linux-gnu/5/../../../../lib] ==> [/usr/lib]
  collapse library dir [/lib/aarch64-linux-gnu] ==> [/lib/aarch64-linux-gnu]
  collapse library dir [/lib/../lib] ==> [/lib]
  collapse library dir [/usr/lib/aarch64-linux-gnu] ==> [/usr/lib/aarch64-linux-gnu]
  collapse library dir [/usr/lib/../lib] ==> [/usr/lib]
  collapse library dir [/usr/lib/gcc/aarch64-linux-gnu/5/../../..] ==> [/usr/lib]
  implicit libs: [c]
  implicit dirs: [/usr/lib/gcc/aarch64-linux-gnu/5;/usr/lib/aarch64-linux-gnu;/usr/lib;/lib/aarch64-linux-gnu;/lib]
  implicit fwks: []




Detecting C [-std=c11] compiler features compiled with the following output:
Change Dir: /home/nvidia/drive-t186ref-linux/samples/nvmedia/3D Surround View/glfw-3.1.2/build/CMakeFiles/CMakeTmp

Run Build Command:"/usr/bin/make" "cmTC_94236/fast"
/usr/bin/make -f CMakeFiles/cmTC_94236.dir/build.make CMakeFiles/cmTC_94236.dir/build
make[1]: Entering directory '/home/nvidia/drive-t186ref-linux/samples/nvmedia/3D Surround View/glfw-3.1.2/build/CMakeFiles/CMakeTmp'
Building C object CMakeFiles/cmTC_94236.dir/feature_tests.c.o
/usr/bin/cc    -std=c11 -o CMakeFiles/cmTC_94236.dir/feature_tests.c.o   -c "/home/nvidia/drive-t186ref-linux/samples/nvmedia/3D Surround View/glfw-3.1.2/build/CMakeFiles/feature_tests.c"
Linking C executable cmTC_94236
/usr/bin/cmake -E cmake_link_script CMakeFiles/cmTC_94236.dir/link.txt --verbose=1
/usr/bin/cc       CMakeFiles/cmTC_94236.dir/feature_tests.c.o  -o cmTC_94236 -rdynamic 
make[1]: Leaving directory '/home/nvidia/drive-t186ref-linux/samples/nvmedia/3D Surround View/glfw-3.1.2/build/CMakeFiles/CMakeTmp'


    Feature record: C_FEATURE:1c_function_prototypes
    Feature record: C_FEATURE:1c_restrict
    Feature record: C_FEATURE:1c_static_assert
    Feature record: C_FEATURE:1c_variadic_macros


Detecting C [-std=c99] compiler features compiled with the following output:
Change Dir: /home/nvidia/drive-t186ref-linux/samples/nvmedia/3D Surround View/glfw-3.1.2/build/CMakeFiles/CMakeTmp

Run Build Command:"/usr/bin/make" "cmTC_e7a4e/fast"
/usr/bin/make -f CMakeFiles/cmTC_e7a4e.dir/build.make CMakeFiles/cmTC_e7a4e.dir/build
make[1]: Entering directory '/home/nvidia/drive-t186ref-linux/samples/nvmedia/3D Surround View/glfw-3.1.2/build/CMakeFiles/CMakeTmp'
Building C object CMakeFiles/cmTC_e7a4e.dir/feature_tests.c.o
/usr/bin/cc    -std=c99 -o CMakeFiles/cmTC_e7a4e.dir/feature_tests.c.o   -c "/home/nvidia/drive-t186ref-linux/samples/nvmedia/3D Surround View/glfw-3.1.2/build/CMakeFiles/feature_tests.c"
Linking C executable cmTC_e7a4e
/usr/bin/cmake -E cmake_link_script CMakeFiles/cmTC_e7a4e.dir/link.txt --verbose=1
/usr/bin/cc       CMakeFiles/cmTC_e7a4e.dir/feature_tests.c.o  -o cmTC_e7a4e -rdynamic 
make[1]: Leaving directory '/home/nvidia/drive-t186ref-linux/samples/nvmedia/3D Surround View/glfw-3.1.2/build/CMakeFiles/CMakeTmp'


    Feature record: C_FEATURE:1c_function_prototypes
    Feature record: C_FEATURE:1c_restrict
    Feature record: C_FEATURE:0c_static_assert
    Feature record: C_FEATURE:1c_variadic_macros


Detecting C [-std=c90] compiler features compiled with the following output:
Change Dir: /home/nvidia/drive-t186ref-linux/samples/nvmedia/3D Surround View/glfw-3.1.2/build/CMakeFiles/CMakeTmp

Run Build Command:"/usr/bin/make" "cmTC_c939f/fast"
/usr/bin/make -f CMakeFiles/cmTC_c939f.dir/build.make CMakeFiles/cmTC_c939f.dir/build
make[1]: Entering directory '/home/nvidia/drive-t186ref-linux/samples/nvmedia/3D Surround View/glfw-3.1.2/build/CMakeFiles/CMakeTmp'
Building C object CMakeFiles/cmTC_c939f.dir/feature_tests.c.o
/usr/bin/cc    -std=c90 -o CMakeFiles/cmTC_c939f.dir/feature_tests.c.o   -c "/home/nvidia/drive-t186ref-linux/samples/nvmedia/3D Surround View/glfw-3.1.2/build/CMakeFiles/feature_tests.c"
Linking C executable cmTC_c939f
/usr/bin/cmake -E cmake_link_script CMakeFiles/cmTC_c939f.dir/link.txt --verbose=1
/usr/bin/cc       CMakeFiles/cmTC_c939f.dir/feature_tests.c.o  -o cmTC_c939f -rdynamic 
make[1]: Leaving directory '/home/nvidia/drive-t186ref-linux/samples/nvmedia/3D Surround View/glfw-3.1.2/build/CMakeFiles/CMakeTmp'


    Feature record: C_FEATURE:1c_function_prototypes
    Feature record: C_FEATURE:0c_restrict
    Feature record: C_FEATURE:0c_static_assert
    Feature record: C_FEATURE:0c_variadic_macros
Determining if the include file pthread.h exists passed with the following output:
Change Dir: /home/nvidia/drive-t186ref-linux/samples/nvmedia/3D Surround View/glfw-3.1.2/build/CMakeFiles/CMakeTmp

Run Build Command:"/usr/bin/make" "cmTC_cb254/fast"
/usr/bin/make -f CMakeFiles/cmTC_cb254.dir/build.make CMakeFiles/cmTC_cb254.dir/build
make[1]: Entering directory '/home/nvidia/drive-t186ref-linux/samples/nvmedia/3D Surround View/glfw-3.1.2/build/CMakeFiles/CMakeTmp'
Building C object CMakeFiles/cmTC_cb254.dir/CheckIncludeFile.c.o
/usr/bin/cc     -o CMakeFiles/cmTC_cb254.dir/CheckIncludeFile.c.o   -c "/home/nvidia/drive-t186ref-linux/samples/nvmedia/3D Surround View/glfw-3.1.2/build/CMakeFiles/CMakeTmp/CheckIncludeFile.c"
Linking C executable cmTC_cb254
/usr/bin/cmake -E cmake_link_script CMakeFiles/cmTC_cb254.dir/link.txt --verbose=1
/usr/bin/cc       CMakeFiles/cmTC_cb254.dir/CheckIncludeFile.c.o  -o cmTC_cb254 -rdynamic 
make[1]: Leaving directory '/home/nvidia/drive-t186ref-linux/samples/nvmedia/3D Surround View/glfw-3.1.2/build/CMakeFiles/CMakeTmp'


Determining if the function pthread_create exists in the pthread passed with the following output:
Change Dir: /home/nvidia/drive-t186ref-linux/samples/nvmedia/3D Surround View/glfw-3.1.2/build/CMakeFiles/CMakeTmp

Run Build Command:"/usr/bin/make" "cmTC_ff293/fast"
/usr/bin/make -f CMakeFiles/cmTC_ff293.dir/build.make CMakeFiles/cmTC_ff293.dir/build
make[1]: Entering directory '/home/nvidia/drive-t186ref-linux/samples/nvmedia/3D Surround View/glfw-3.1.2/build/CMakeFiles/CMakeTmp'
Building C object CMakeFiles/cmTC_ff293.dir/CheckFunctionExists.c.o
/usr/bin/cc    -DCHECK_FUNCTION_EXISTS=pthread_create   -o CMakeFiles/cmTC_ff293.dir/CheckFunctionExists.c.o   -c /usr/share/cmake-3.5/Modules/CheckFunctionExists.c
Linking C executable cmTC_ff293
/usr/bin/cmake -E cmake_link_script CMakeFiles/cmTC_ff293.dir/link.txt --verbose=1
/usr/bin/cc   -DCHECK_FUNCTION_EXISTS=pthread_create    CMakeFiles/cmTC_ff293.dir/CheckFunctionExists.c.o  -o cmTC_ff293 -rdynamic -lpthread 
make[1]: Leaving directory '/home/nvidia/drive-t186ref-linux/samples/nvmedia/3D Surround View/glfw-3.1.2/build/CMakeFiles/CMakeTmp'


Determining if the function XOpenDisplay exists in the /usr/lib/aarch64-linux-gnu/libX11.so;/usr/lib/aarch64-linux-gnu/libXext.so passed with the following output:
Change Dir: /home/nvidia/drive-t186ref-linux/samples/nvmedia/3D Surround View/glfw-3.1.2/build/CMakeFiles/CMakeTmp

Run Build Command:"/usr/bin/make" "cmTC_a40cc/fast"
/usr/bin/make -f CMakeFiles/cmTC_a40cc.dir/build.make CMakeFiles/cmTC_a40cc.dir/build
make[1]: Entering directory '/home/nvidia/drive-t186ref-linux/samples/nvmedia/3D Surround View/glfw-3.1.2/build/CMakeFiles/CMakeTmp'
Building C object CMakeFiles/cmTC_a40cc.dir/CheckFunctionExists.c.o
/usr/bin/cc    -DCHECK_FUNCTION_EXISTS=XOpenDisplay   -o CMakeFiles/cmTC_a40cc.dir/CheckFunctionExists.c.o   -c /usr/share/cmake-3.5/Modules/CheckFunctionExists.c
Linking C executable cmTC_a40cc
/usr/bin/cmake -E cmake_link_script CMakeFiles/cmTC_a40cc.dir/link.txt --verbose=1
/usr/bin/cc   -DCHECK_FUNCTION_EXISTS=XOpenDisplay    CMakeFiles/cmTC_a40cc.dir/CheckFunctionExists.c.o  -o cmTC_a40cc -rdynamic /usr/lib/aarch64-linux-gnu/libX11.so /usr/lib/aarch64-linux-gnu/libXext.so 
make[1]: Leaving directory '/home/nvidia/drive-t186ref-linux/samples/nvmedia/3D Surround View/glfw-3.1.2/build/CMakeFiles/CMakeTmp'


Determining if the function gethostbyname exists passed with the following output:
Change Dir: /home/nvidia/drive-t186ref-linux/samples/nvmedia/3D Surround View/glfw-3.1.2/build/CMakeFiles/CMakeTmp

Run Build Command:"/usr/bin/make" "cmTC_1a12b/fast"
/usr/bin/make -f CMakeFiles/cmTC_1a12b.dir/build.make CMakeFiles/cmTC_1a12b.dir/build
make[1]: Entering directory '/home/nvidia/drive-t186ref-linux/samples/nvmedia/3D Surround View/glfw-3.1.2/build/CMakeFiles/CMakeTmp'
Building C object CMakeFiles/cmTC_1a12b.dir/CheckFunctionExists.c.o
/usr/bin/cc    -DCHECK_FUNCTION_EXISTS=gethostbyname   -o CMakeFiles/cmTC_1a12b.dir/CheckFunctionExists.c.o   -c /usr/share/cmake-3.5/Modules/CheckFunctionExists.c
Linking C executable cmTC_1a12b
/usr/bin/cmake -E cmake_link_script CMakeFiles/cmTC_1a12b.dir/link.txt --verbose=1
/usr/bin/cc   -DCHECK_FUNCTION_EXISTS=gethostbyname    CMakeFiles/cmTC_1a12b.dir/CheckFunctionExists.c.o  -o cmTC_1a12b -rdynamic 
make[1]: Leaving directory '/home/nvidia/drive-t186ref-linux/samples/nvmedia/3D Surround View/glfw-3.1.2/build/CMakeFiles/CMakeTmp'


Determining if the function connect exists passed with the following output:
Change Dir: /home/nvidia/drive-t186ref-linux/samples/nvmedia/3D Surround View/glfw-3.1.2/build/CMakeFiles/CMakeTmp

Run Build Command:"/usr/bin/make" "cmTC_23a46/fast"
/usr/bin/make -f CMakeFiles/cmTC_23a46.dir/build.make CMakeFiles/cmTC_23a46.dir/build
make[1]: Entering directory '/home/nvidia/drive-t186ref-linux/samples/nvmedia/3D Surround View/glfw-3.1.2/build/CMakeFiles/CMakeTmp'
Building C object CMakeFiles/cmTC_23a46.dir/CheckFunctionExists.c.o
/usr/bin/cc    -DCHECK_FUNCTION_EXISTS=connect   -o CMakeFiles/cmTC_23a46.dir/CheckFunctionExists.c.o   -c /usr/share/cmake-3.5/Modules/CheckFunctionExists.c
Linking C executable cmTC_23a46
/usr/bin/cmake -E cmake_link_script CMakeFiles/cmTC_23a46.dir/link.txt --verbose=1
/usr/bin/cc   -DCHECK_FUNCTION_EXISTS=connect    CMakeFiles/cmTC_23a46.dir/CheckFunctionExists.c.o  -o cmTC_23a46 -rdynamic 
make[1]: Leaving directory '/home/nvidia/drive-t186ref-linux/samples/nvmedia/3D Surround View/glfw-3.1.2/build/CMakeFiles/CMakeTmp'


Determining if the function remove exists passed with the following output:
Change Dir: /home/nvidia/drive-t186ref-linux/samples/nvmedia/3D Surround View/glfw-3.1.2/build/CMakeFiles/CMakeTmp

Run Build Command:"/usr/bin/make" "cmTC_751fb/fast"
/usr/bin/make -f CMakeFiles/cmTC_751fb.dir/build.make CMakeFiles/cmTC_751fb.dir/build
make[1]: Entering directory '/home/nvidia/drive-t186ref-linux/samples/nvmedia/3D Surround View/glfw-3.1.2/build/CMakeFiles/CMakeTmp'
Building C object CMakeFiles/cmTC_751fb.dir/CheckFunctionExists.c.o
/usr/bin/cc    -DCHECK_FUNCTION_EXISTS=remove   -o CMakeFiles/cmTC_751fb.dir/CheckFunctionExists.c.o   -c /usr/share/cmake-3.5/Modules/CheckFunctionExists.c
Linking C executable cmTC_751fb
/usr/bin/cmake -E cmake_link_script CMakeFiles/cmTC_751fb.dir/link.txt --verbose=1
/usr/bin/cc   -DCHECK_FUNCTION_EXISTS=remove    CMakeFiles/cmTC_751fb.dir/CheckFunctionExists.c.o  -o cmTC_751fb -rdynamic 
make[1]: Leaving directory '/home/nvidia/drive-t186ref-linux/samples/nvmedia/3D Surround View/glfw-3.1.2/build/CMakeFiles/CMakeTmp'


Determining if the function shmat exists passed with the following output:
Change Dir: /home/nvidia/drive-t186ref-linux/samples/nvmedia/3D Surround View/glfw-3.1.2/build/CMakeFiles/CMakeTmp

Run Build Command:"/usr/bin/make" "cmTC_4b50f/fast"
/usr/bin/make -f CMakeFiles/cmTC_4b50f.dir/build.make CMakeFiles/cmTC_4b50f.dir/build
make[1]: Entering directory '/home/nvidia/drive-t186ref-linux/samples/nvmedia/3D Surround View/glfw-3.1.2/build/CMakeFiles/CMakeTmp'
Building C object CMakeFiles/cmTC_4b50f.dir/CheckFunctionExists.c.o
/usr/bin/cc    -DCHECK_FUNCTION_EXISTS=shmat   -o CMakeFiles/cmTC_4b50f.dir/CheckFunctionExists.c.o   -c /usr/share/cmake-3.5/Modules/CheckFunctionExists.c
Linking C executable cmTC_4b50f
/usr/bin/cmake -E cmake_link_script CMakeFiles/cmTC_4b50f.dir/link.txt --verbose=1
/usr/bin/cc   -DCHECK_FUNCTION_EXISTS=shmat    CMakeFiles/cmTC_4b50f.dir/CheckFunctionExists.c.o  -o cmTC_4b50f -rdynamic 
make[1]: Leaving directory '/home/nvidia/drive-t186ref-linux/samples/nvmedia/3D Surround View/glfw-3.1.2/build/CMakeFiles/CMakeTmp'


Determining if the function IceConnectionNumber exists in the ICE passed with the following output:
Change Dir: /home/nvidia/drive-t186ref-linux/samples/nvmedia/3D Surround View/glfw-3.1.2/build/CMakeFiles/CMakeTmp

Run Build Command:"/usr/bin/make" "cmTC_d01f6/fast"
/usr/bin/make -f CMakeFiles/cmTC_d01f6.dir/build.make CMakeFiles/cmTC_d01f6.dir/build
make[1]: Entering directory '/home/nvidia/drive-t186ref-linux/samples/nvmedia/3D Surround View/glfw-3.1.2/build/CMakeFiles/CMakeTmp'
Building C object CMakeFiles/cmTC_d01f6.dir/CheckFunctionExists.c.o
/usr/bin/cc    -DCHECK_FUNCTION_EXISTS=IceConnectionNumber   -o CMakeFiles/cmTC_d01f6.dir/CheckFunctionExists.c.o   -c /usr/share/cmake-3.5/Modules/CheckFunctionExists.c
Linking C executable cmTC_d01f6
/usr/bin/cmake -E cmake_link_script CMakeFiles/cmTC_d01f6.dir/link.txt --verbose=1
/usr/bin/cc   -DCHECK_FUNCTION_EXISTS=IceConnectionNumber    CMakeFiles/cmTC_d01f6.dir/CheckFunctionExists.c.o  -o cmTC_d01f6 -rdynamic -lICE 
make[1]: Leaving directory '/home/nvidia/drive-t186ref-linux/samples/nvmedia/3D Surround View/glfw-3.1.2/build/CMakeFiles/CMakeTmp'


